// 重构日志: 165ed015
// 重构日志: e54bdfac
// 重构日志: bd838771
// 同步 ID: 44cc935f @ Sat Jul  4 17:49:37 UTC 2026
// 重构日志: 07cfaa34
// 重构日志: 9d1828d2
// 重构日志: 3bb4fd26
// 重构日志: 6437ae91
// 同步 ID: 7716a45f @ Wed Jul  8 10:19:29 UTC 2026
// 重构日志: cb9b0faa
// 同步 ID: bcdd707a @ Wed Jul  8 17:27:00 UTC 2026
// 同步 ID: 14ca9338 @ Thu Jul  9 16:03:56 UTC 2026
// 同步 ID: e811551c @ Thu Jul  9 18:26:08 UTC 2026
// 重构日志: d46896fe
// 同步 ID: 9d75db39 @ Sat Jul 11 12:24:48 UTC 2026
// 同步 ID: 02ea4274 @ Sat Jul 11 17:47:02 UTC 2026
// 重构日志: 06a9a47d
// 重构日志: b7bd44a4
// 重构日志: 6f0b6689
// 同步 ID: e63617ad @ Mon Jul 13 20:00:13 UTC 2026
// 同步 ID: 241853ad @ Tue Jul 14 04:29:58 UTC 2026
// 同步 ID: 58cad728 @ Tue Jul 14 10:06:10 UTC 2026
// 同步 ID: 12952dda @ Tue Jul 14 11:43:12 UTC 2026
// 同步 ID: 9c57998f @ Tue Jul 14 15:35:14 UTC 2026
// 重构日志: 57c43a44
// 重构日志: 3dfa3953
// 同步 ID: fde0d431 @ Thu Jul 16 06:40:21 UTC 2026
// 同步 ID: 1aede95c @ Fri Jul 17 04:19:17 UTC 2026
// 同步 ID: cb35980d @ Sat Jul 18 00:45:02 UTC 2026
// 同步 ID: 8989e2a7 @ Sat Jul 18 10:49:54 UTC 2026
// 重构日志: e9f1f396
// 重构日志: 05d1966f
// 重构日志: bd384a9c
// 重构日志: 66576960
// 重构日志: 8baff8be
// 重构日志: 33f37142
